/home/mo/.local/lib/python3.10/site-packages/setuptools/dist.py:599: SetuptoolsDeprecationWarning: Invalid dash-separated key 'script-dir' in 'develop' (setup.cfg), please use the underscore name 'script_dir' instead.
!!

        ********************************************************************************
        Usage of dash-separated 'script-dir' will not be supported in future
        versions. Please use the underscore name 'script_dir' instead.


        Available configuration options are listed in:
        https://setuptools.pypa.io/en/latest/userguide/declarative_config.html

        By 2026-Mar-03, you need to update your project and remove deprecated calls
        or your builds will no longer be supported.

        See https://github.com/pypa/setuptools/discussions/5011 for details.
        ********************************************************************************

!!
  opt = self._enforce_underscore(opt, section)
/home/mo/.local/lib/python3.10/site-packages/setuptools/_distutils/dist.py:287: UserWarning: Unknown distribution option: 'tests_require'
  warnings.warn(msg)
/home/mo/.local/lib/python3.10/site-packages/setuptools/dist.py:599: SetuptoolsDeprecationWarning: Invalid dash-separated key 'script-dir' in 'develop' (setup.cfg), please use the underscore name 'script_dir' instead.
!!

        ********************************************************************************
        Usage of dash-separated 'script-dir' will not be supported in future
        versions. Please use the underscore name 'script_dir' instead.
        (Affected: server_node).

        Available configuration options are listed in:
        https://setuptools.pypa.io/en/latest/userguide/declarative_config.html

        By 2026-Mar-03, you need to update your project and remove deprecated calls
        or your builds will no longer be supported.

        See https://github.com/pypa/setuptools/discussions/5011 for details.
        ********************************************************************************

!!
  opt = self._enforce_underscore(opt, section)
running egg_info
creating build/server_node/server_node.egg-info
writing build/server_node/server_node.egg-info/PKG-INFO
writing dependency_links to build/server_node/server_node.egg-info/dependency_links.txt
writing entry points to build/server_node/server_node.egg-info/entry_points.txt
writing requirements to build/server_node/server_node.egg-info/requires.txt
writing top-level names to build/server_node/server_node.egg-info/top_level.txt
writing manifest file 'build/server_node/server_node.egg-info/SOURCES.txt'
reading manifest file 'build/server_node/server_node.egg-info/SOURCES.txt'
writing manifest file 'build/server_node/server_node.egg-info/SOURCES.txt'
running build
running build_py
running install
running install_lib
warning: install_lib: '/home/mo/ws_sensor_combined/src/server_node/build/server_node/build/lib' does not exist -- no Python modules to install

running install_data
creating /home/mo/ws_sensor_combined/src/server_node/install/server_node/share/ament_index/resource_index/packages
copying resource/server_node -> /home/mo/ws_sensor_combined/src/server_node/install/server_node/share/ament_index/resource_index/packages
creating /home/mo/ws_sensor_combined/src/server_node/install/server_node/share/server_node
copying package.xml -> /home/mo/ws_sensor_combined/src/server_node/install/server_node/share/server_node
running install_egg_info
Copying build/server_node/server_node.egg-info to /home/mo/ws_sensor_combined/src/server_node/install/server_node/lib/python3.10/site-packages/server_node-0.0.1-py3.10.egg-info
running install_scripts
Installing bridge script to /home/mo/ws_sensor_combined/src/server_node/install/server_node/lib/server_node
writing list of installed files to '/home/mo/ws_sensor_combined/src/server_node/build/server_node/install.log'
